 
:: initializing oneAPI environment ...
   slurm_script: BASH_VERSION = 4.2.46(2)-release
   args: Using "$@" for setvars.sh arguments: 
:: advisor -- latest
:: ccl -- latest
:: clck -- latest
:: compiler -- latest
:: dal -- latest
:: debugger -- latest
:: dev-utilities -- latest
:: dnnl -- latest
:: dpcpp-ct -- latest
:: dpl -- latest
:: inspector -- latest
:: intelpython -- latest
:: ipp -- latest
:: ippcp -- latest
:: ipp -- latest
:: itac -- latest
:: mkl -- latest
:: mpi -- latest
:: tbb -- latest
:: vpl -- latest
:: vtune -- latest
:: oneAPI environment initialized ::
 
Espresso Machine is starting
Adiabatic automation for 0.05 is started
Structure is reading from POSCAR file
Crystal relaxation input for 0.05 is generated
Crystal relaxation for 0.05 is started
Atom relaxation input for 0.05 is generated
Atom relaxation for 0.05 is started
Atom relaxation for 0.05 is finished
Scf input for 0.05 is generated
Scf calculation for 0.05 is started
Scf calculation for 0.05 is finished
Band calculation input for 0.05 is generated
Band calculation for 0.05 is started
Band-pp for 0.05 is generated
Band-pp calculation 0.05 is started
Adiabatic automation for 0.05 is completed
Adiabatic automation for 0.03 is started
Crystal relaxation input for 0.03 is generated
Crystal relaxation for 0.03 is started
Atom relaxation input for 0.03 is generated
Atom relaxation for 0.03 is started
Atom relaxation for 0.03 is finished
Scf input for 0.03 is generated
Scf calculation for 0.03 is started
Scf calculation for 0.03 is finished
Band calculation input for 0.03 is generated
Band calculation for 0.03 is started
Band-pp for 0.03 is generated
Band-pp calculation 0.03 is started
Adiabatic automation for 0.03 is completed
Adiabatic automation for 0.04 is started
Crystal relaxation input for 0.04 is generated
Crystal relaxation for 0.04 is started
Atom relaxation input for 0.04 is generated
Atom relaxation for 0.04 is started
Atom relaxation for 0.04 is finished
Scf input for 0.04 is generated
Scf calculation for 0.04 is started
Scf calculation for 0.04 is finished
Band calculation input for 0.04 is generated
Band calculation for 0.04 is started
Band-pp for 0.04 is generated
Band-pp calculation 0.04 is started
Adiabatic automation for 0.04 is completed
Adiabatic automation is completed
vc-relax > relax > scf > band
